ProjectApp/camera-calibration/build/intermediates/manifest_merge_blame_file/debug/manifest-merger-blame-debug-report.txt
1<?xml version="1.0" encoding="utf-8"?>
2<manifest xmlns:android="http://schemas.android.com/apk/res/android"
3    package="org.opencv.samples.cameracalibration"
4    android:versionCode="301"
5    android:versionName="3.01" >
6
7    <uses-sdk
8        android:minSdkVersion="21"
8-->ProjectApp\camera-calibration\AndroidManifest.xml
9        android:targetSdkVersion="26" />
9-->ProjectApp\camera-calibration\AndroidManifest.xml
10
11    <supports-screens
11-->ProjectApp\camera-calibration\AndroidManifest.xml:23:5-27:51
12        android:anyDensity="true"
12-->ProjectApp\camera-calibration\AndroidManifest.xml:27:23-48
13        android:largeScreens="true"
13-->ProjectApp\camera-calibration\AndroidManifest.xml:26:23-50
14        android:normalScreens="true"
14-->ProjectApp\camera-calibration\AndroidManifest.xml:25:23-51
15        android:resizeable="true"
15-->ProjectApp\camera-calibration\AndroidManifest.xml:23:23-48
16        android:smallScreens="true" />
16-->ProjectApp\camera-calibration\AndroidManifest.xml:24:23-50
17
18    <uses-permission android:name="android.permission.CAMERA" />
18-->ProjectApp\camera-calibration\AndroidManifest.xml:29:5-64
18-->ProjectApp\camera-calibration\AndroidManifest.xml:29:22-62
19
20    <uses-feature
20-->ProjectApp\camera-calibration\AndroidManifest.xml:31:5-84
21        android:name="android.hardware.camera"
21-->ProjectApp\camera-calibration\AndroidManifest.xml:31:19-57
22        android:required="false" />
22-->ProjectApp\camera-calibration\AndroidManifest.xml:31:58-82
23    <uses-feature
23-->ProjectApp\camera-calibration\AndroidManifest.xml:32:5-94
24        android:name="android.hardware.camera.autofocus"
24-->ProjectApp\camera-calibration\AndroidManifest.xml:32:19-67
25        android:required="false" />
25-->ProjectApp\camera-calibration\AndroidManifest.xml:32:68-92
26    <uses-feature
26-->ProjectApp\camera-calibration\AndroidManifest.xml:33:5-90
27        android:name="android.hardware.camera.front"
27-->ProjectApp\camera-calibration\AndroidManifest.xml:33:19-63
28        android:required="false" />
28-->ProjectApp\camera-calibration\AndroidManifest.xml:33:64-88
29    <uses-feature
29-->ProjectApp\camera-calibration\AndroidManifest.xml:34:5-100
30        android:name="android.hardware.camera.front.autofocus"
30-->ProjectApp\camera-calibration\AndroidManifest.xml:34:19-73
31        android:required="false" />
31-->ProjectApp\camera-calibration\AndroidManifest.xml:34:74-98
32
33    <application
33-->ProjectApp\camera-calibration\AndroidManifest.xml:6:5-21:19
34        android:debuggable="true"
35        android:icon="@drawable/icon"
35-->ProjectApp\camera-calibration\AndroidManifest.xml:8:9-38
36        android:label="@string/app_name"
36-->ProjectApp\camera-calibration\AndroidManifest.xml:7:9-41
37        android:testOnly="true" >
38        <activity
38-->ProjectApp\camera-calibration\AndroidManifest.xml:10:9-20:20
39            android:name="org.opencv.samples.cameracalibration.CameraCalibrationActivity"
39-->ProjectApp\camera-calibration\AndroidManifest.xml:12:19-59
40            android:configChanges="keyboardHidden|orientation"
40-->ProjectApp\camera-calibration\AndroidManifest.xml:15:19-69
41            android:exported="true"
41-->ProjectApp\camera-calibration\AndroidManifest.xml:11:19-42
42            android:label="@string/app_name"
42-->ProjectApp\camera-calibration\AndroidManifest.xml:13:19-51
43            android:screenOrientation="landscape" >
43-->ProjectApp\camera-calibration\AndroidManifest.xml:14:19-56
44            <intent-filter>
44-->ProjectApp\camera-calibration\AndroidManifest.xml:16:13-19:29
45                <action android:name="android.intent.action.MAIN" />
45-->ProjectApp\camera-calibration\AndroidManifest.xml:17:17-69
45-->ProjectApp\camera-calibration\AndroidManifest.xml:17:25-66
46
47                <category android:name="android.intent.category.LAUNCHER" />
47-->ProjectApp\camera-calibration\AndroidManifest.xml:18:17-77
47-->ProjectApp\camera-calibration\AndroidManifest.xml:18:27-74
48            </intent-filter>
49        </activity>
50    </application>
51
52</manifest>